[2025-06-09 17:58:15] START
[2025-06-09 19:00:49] EDIT misecomputers/views/default/index.html: -12
[2025-06-09 19:01:03] EDIT misecomputers/views/default/index.html: 0
[2025-06-09 19:27:05] CREATE db_mise.py: 0
[2025-06-09 19:44:08] EDIT misecomputers/models/db_mise.py: 3
[2025-06-09 19:50:15] EDIT misecomputers/controllers/default.py: 4
[2025-06-09 19:50:29] EDIT misecomputers/controllers/default.py: 0
[2025-06-09 19:50:30] EDIT misecomputers/controllers/default.py: 0
[2025-06-09 19:52:00] EDIT misecomputers/models/db_mise.py: 4
[2025-06-09 20:04:05] EDIT misecomputers/models/db_mise.py: 4
[2025-06-09 20:04:11] EDIT misecomputers/models/db_mise.py: 0
[2025-06-09 20:04:58] EDIT misecomputers/controllers/default.py: 4
[2025-06-09 20:05:18] EDIT misecomputers/models/db_mise.py: 1
[2025-06-09 20:06:16] EDIT misecomputers/models/db_mise.py: 0
[2025-06-09 20:18:28] EDIT misecomputers/models/db_mise.py: 0
[2025-06-09 20:18:58] EDIT misecomputers/models/db_mise.py: 0
[2025-06-09 20:22:56] EDIT misecomputers/models/db_mise.py: 1
[2025-06-09 20:24:25] EDIT misecomputers/models/db_mise.py: 1
[2025-06-09 20:26:47] EDIT misecomputers/models/db_mise.py: 4
[2025-06-09 20:27:14] EDIT misecomputers/controllers/default.py: 4
[2025-06-10 16:44:47] EDIT misecomputers/models/db_mise.py: 17
[2025-06-10 16:48:19] EDIT misecomputers/models/db_mise.py: 8
[2025-06-10 16:50:13] EDIT misecomputers/controllers/default.py: 16
[2025-06-10 16:54:01] EDIT misecomputers/models/db.py: 2
[2025-06-10 16:55:20] EDIT misecomputers/models/db_mise.py: -18
[2025-06-10 16:55:30] EDIT misecomputers/models/db_mise.py: 0
[2025-06-10 16:55:52] EDIT misecomputers/models/db_mise.py: -25
[2025-06-10 16:56:01] EDIT misecomputers/models/db_mise.py: 5
[2025-06-10 16:56:09] EDIT misecomputers/models/db_mise.py: 0
[2025-06-10 16:56:19] EDIT misecomputers/models/db_mise.py: 9
[2025-06-10 16:56:31] EDIT misecomputers/models/db_mise.py: 11
[2025-06-10 16:56:41] EDIT misecomputers/models/db_mise.py: 0
[2025-06-10 16:56:47] EDIT misecomputers/models/db_mise.py: 0
[2025-06-10 16:56:55] EDIT misecomputers/models/db_mise.py: 0
[2025-06-10 16:57:05] EDIT misecomputers/models/db_mise.py: 6
[2025-06-10 16:57:18] EDIT misecomputers/models/db_mise.py: 4
[2025-06-10 16:57:40] EDIT misecomputers/models/db_mise.py: 8
[2025-06-10 16:57:42] EDIT misecomputers/models/db_mise.py: 0
[2025-06-10 16:58:20] EDIT misecomputers/models/db_mise.py: 0
[2025-06-10 16:58:37] EDIT misecomputers/models/db_mise.py: 0
[2025-06-10 17:00:05] EDIT misecomputers/models/db_mise.py: 1
[2025-06-10 17:00:43] EDIT misecomputers/models/db_mise.py: 1
[2025-06-10 17:04:12] EDIT misecomputers/models/db_mise.py: 0
[2025-06-10 17:04:29] EDIT misecomputers/models/db_mise.py: 0
[2025-06-10 17:10:47] EDIT misecomputers/views/default/index.html: 6
[2025-06-10 17:11:13] EDIT misecomputers/controllers/default.py: 0
[2025-06-10 17:21:53] EDIT misecomputers/models/db_mise.py: 8
[2025-06-10 17:22:33] EDIT misecomputers/controllers/default.py: 8
[2025-06-10 17:23:15] EDIT misecomputers/views/default/index.html: 2
[2025-06-10 17:24:20] EDIT misecomputers/views/default/index.html: 0
[2025-06-10 17:24:21] EDIT misecomputers/controllers/default.py: 0
[2025-06-10 17:24:23] EDIT misecomputers/models/db_mise.py: 0
[2025-06-10 17:36:41] EDIT misecomputers/models/db_mise.py: 0
[2025-06-10 17:38:52] EDIT misecomputers/models/db_mise.py: 0
[2025-06-10 17:40:22] EDIT misecomputers/models/db_mise.py: 0
[2025-06-10 17:43:29] EDIT misecomputers/models/db_mise.py: 0
[2025-06-10 17:44:08] EDIT misecomputers/models/db_mise.py: 0
[2025-06-10 17:45:42] EDIT misecomputers/models/db.py: -2
[2025-06-10 17:46:33] EDIT misecomputers/models/db_mise.py: 0
[2025-06-10 17:46:55] EDIT misecomputers/models/db_mise.py: 0
[2025-06-10 17:47:17] EDIT misecomputers/models/db_mise.py: 0
[2025-06-10 17:47:31] EDIT misecomputers/models/db_mise.py: 0
[2025-06-10 17:51:02] EDIT misecomputers/models/db_mise.py: -2
[2025-06-10 18:00:02] EDIT misecomputers/models/db_mise.py: 5
[2025-06-10 18:01:10] EDIT misecomputers/models/db_mise.py: 0
[2025-06-10 18:02:20] EDIT misecomputers/models/db_mise.py: 0
[2025-06-10 18:04:10] CREATE laptop-test.html: 0
[2025-06-10 18:06:01] EDIT misecomputers/views/default/index.html: 4
[2025-06-10 18:06:08] EDIT misecomputers/views/default/index.html: 0
[2025-06-10 18:06:18] EDIT misecomputers/views/default/index.html: 0
[2025-06-10 18:11:32] EDIT misecomputers/controllers/default.py: 2
[2025-06-10 18:12:17] EDIT misecomputers/controllers/default.py: 1
[2025-06-10 18:12:29] EDIT misecomputers/controllers/default.py: 0
[2025-06-10 18:12:39] DELETE misecomputers/views/laptop-test.html: -3
[2025-06-10 18:12:48] CREATE laptop_test.html: 0
[2025-06-10 18:17:46] EDIT misecomputers/models/db_mise.py: 30
[2025-06-10 18:18:18] EDIT misecomputers/models/db_mise.py: 0
[2025-06-10 18:18:48] EDIT misecomputers/models/db_mise.py: 0
[2025-06-10 18:19:21] EDIT misecomputers/models/db_mise.py: 0
[2025-06-10 18:19:43] EDIT misecomputers/models/db_mise.py: 0
[2025-06-10 18:20:03] EDIT misecomputers/models/db_mise.py: 0
[2025-06-10 18:20:28] EDIT misecomputers/models/db_mise.py: 0
[2025-06-10 18:20:48] EDIT misecomputers/models/db_mise.py: 0
[2025-06-10 18:21:01] EDIT misecomputers/models/db_mise.py: 0
[2025-06-10 18:21:23] EDIT misecomputers/models/db_mise.py: 0
[2025-06-10 18:21:47] EDIT misecomputers/models/db_mise.py: 0
[2025-06-10 18:22:57] EDIT misecomputers/models/db_mise.py: 0
[2025-06-10 18:23:09] EDIT misecomputers/models/db_mise.py: 0
[2025-06-10 18:23:27] EDIT misecomputers/models/db_mise.py: 0
[2025-06-10 18:23:42] EDIT misecomputers/models/db_mise.py: 0
